[2016-09-10 11:01:36] local.INFO: array (
  'items' => 
  array (
    0 => 
    array (
      'id' => 75,
      'category_id' => 8,
      'level_id' => 18,
      'supplier_id' => 3,
      'title' => 'Testament',
      'author' => 'Winni',
      'batch' => 'ewwew',
      'price' => 23,
      'sales_price' => 35,
      'quantity_type' => 'stock',
      'number_of_boxes' => 0,
      'quantity' => 32,
      'description' => 'zcxcxz',
      'image' => 'cover_images/book/75/gh-model.jpg',
      'created_at' => '2016-09-10 09:41:30',
      'updated_at' => '2016-09-10 10:52:57',
      'category' => 
      array (
        'id' => 8,
        'name' => 'Maths2',
        'created_at' => '2016-08-25 22:01:53',
        'updated_at' => '2016-09-04 10:02:39',
      ),
      'supplier' => NULL,
      'level' => 
      array (
        'id' => 18,
        'name' => 'Primary 5',
        'created_at' => '2016-08-25 22:01:53',
        'updated_at' => '2016-08-25 22:01:53',
      ),
      'cart_quantity' => '1',
      'cart_total' => 35,
    ),
    1 => 
    array (
      'id' => 74,
      'category_id' => 7,
      'level_id' => 15,
      'supplier_id' => 4,
      'title' => 'Apocalypse',
      'author' => 'Ninja',
      'batch' => 'dsffsfds',
      'price' => 12,
      'sales_price' => 15,
      'quantity_type' => 'stock',
      'number_of_boxes' => 0,
      'quantity' => 24,
      'description' => 'great read',
      'image' => 'cover_images/book/74/elephant gun.jpg',
      'created_at' => '2016-09-10 09:09:09',
      'updated_at' => '2016-09-10 10:51:49',
      'category' => 
      array (
        'id' => 7,
        'name' => 'Languages',
        'created_at' => '2016-08-25 22:01:53',
        'updated_at' => '2016-08-25 22:01:53',
      ),
      'supplier' => NULL,
      'level' => 
      array (
        'id' => 15,
        'name' => 'Primary 3',
        'created_at' => '2016-08-25 22:01:53',
        'updated_at' => '2016-08-25 22:01:53',
      ),
      'cart_quantity' => '2',
      'cart_total' => 30,
    ),
    2 => 
    array (
      'id' => 66,
      'category_id' => 7,
      'level_id' => 11,
      'supplier_id' => 4,
      'title' => '50 Shades Of Grey',
      'author' => 'Melissa',
      'batch' => 'asdjasdka',
      'price' => 23,
      'sales_price' => 30,
      'quantity_type' => 'stock',
      'number_of_boxes' => 0,
      'quantity' => 12,
      'description' => 'asdasdsad',
      'image' => 'cover_images/book/66/AoXqp7p79rrBGST-SgicqhZ7fLnbZBHMSxvLY8o3dfNm.jpg',
      'created_at' => '2016-08-27 08:04:48',
      'updated_at' => '2016-09-10 10:50:52',
      'category' => 
      array (
        'id' => 7,
        'name' => 'Languages',
        'created_at' => '2016-08-25 22:01:53',
        'updated_at' => '2016-08-25 22:01:53',
      ),
      'supplier' => NULL,
      'level' => NULL,
      'cart_quantity' => '1',
      'cart_total' => 30,
    ),
    3 => 
    array (
      'id' => 64,
      'category_id' => 7,
      'level_id' => 12,
      'supplier_id' => 4,
      'title' => 'The Abduction',
      'author' => 'Snow ',
      'batch' => '343',
      'price' => 23,
      'sales_price' => 45,
      'quantity_type' => 'stock',
      'number_of_boxes' => 0,
      'quantity' => 45,
      'description' => 'dfdsfdsfsfs',
      'image' => 'cover_images/book/64/Naa call card.png',
      'created_at' => '2016-08-26 15:19:55',
      'updated_at' => '2016-09-10 10:39:25',
      'category' => 
      array (
        'id' => 7,
        'name' => 'Languages',
        'created_at' => '2016-08-25 22:01:53',
        'updated_at' => '2016-08-25 22:01:53',
      ),
      'supplier' => NULL,
      'level' => NULL,
      'cart_quantity' => '1',
      'cart_total' => 45,
    ),
  ),
  'cash_received' => 200,
  'balance' => 60,
)  
[2016-09-10 11:16:58] local.INFO: array (
  'items' => 
  array (
    0 => 
    array (
      'id' => 75,
      'category_id' => 8,
      'level_id' => 18,
      'supplier_id' => 3,
      'title' => 'Testament',
      'author' => 'Winni',
      'batch' => 'ewwew',
      'price' => 23,
      'sales_price' => 35,
      'quantity_type' => 'stock',
      'number_of_boxes' => 0,
      'quantity' => 32,
      'description' => 'zcxcxz',
      'image' => 'cover_images/book/75/gh-model.jpg',
      'created_at' => '2016-09-10 09:41:30',
      'updated_at' => '2016-09-10 10:52:57',
      'category' => 
      array (
        'id' => 8,
        'name' => 'Maths2',
        'created_at' => '2016-08-25 22:01:53',
        'updated_at' => '2016-09-04 10:02:39',
      ),
      'supplier' => NULL,
      'level' => 
      array (
        'id' => 18,
        'name' => 'Primary 5',
        'created_at' => '2016-08-25 22:01:53',
        'updated_at' => '2016-08-25 22:01:53',
      ),
      'cart_quantity' => '1',
      'cart_total' => 35,
    ),
    1 => 
    array (
      'id' => 74,
      'category_id' => 7,
      'level_id' => 15,
      'supplier_id' => 4,
      'title' => 'Apocalypse',
      'author' => 'Ninja',
      'batch' => 'dsffsfds',
      'price' => 12,
      'sales_price' => 15,
      'quantity_type' => 'stock',
      'number_of_boxes' => 0,
      'quantity' => 24,
      'description' => 'great read',
      'image' => 'cover_images/book/74/elephant gun.jpg',
      'created_at' => '2016-09-10 09:09:09',
      'updated_at' => '2016-09-10 10:51:49',
      'category' => 
      array (
        'id' => 7,
        'name' => 'Languages',
        'created_at' => '2016-08-25 22:01:53',
        'updated_at' => '2016-08-25 22:01:53',
      ),
      'supplier' => NULL,
      'level' => 
      array (
        'id' => 15,
        'name' => 'Primary 3',
        'created_at' => '2016-08-25 22:01:53',
        'updated_at' => '2016-08-25 22:01:53',
      ),
      'cart_quantity' => '2',
      'cart_total' => 30,
    ),
    2 => 
    array (
      'id' => 66,
      'category_id' => 7,
      'level_id' => 11,
      'supplier_id' => 4,
      'title' => '50 Shades Of Grey',
      'author' => 'Melissa',
      'batch' => 'asdjasdka',
      'price' => 23,
      'sales_price' => 30,
      'quantity_type' => 'stock',
      'number_of_boxes' => 0,
      'quantity' => 12,
      'description' => 'asdasdsad',
      'image' => 'cover_images/book/66/AoXqp7p79rrBGST-SgicqhZ7fLnbZBHMSxvLY8o3dfNm.jpg',
      'created_at' => '2016-08-27 08:04:48',
      'updated_at' => '2016-09-10 10:50:52',
      'category' => 
      array (
        'id' => 7,
        'name' => 'Languages',
        'created_at' => '2016-08-25 22:01:53',
        'updated_at' => '2016-08-25 22:01:53',
      ),
      'supplier' => NULL,
      'level' => NULL,
      'cart_quantity' => '1',
      'cart_total' => 30,
    ),
    3 => 
    array (
      'id' => 64,
      'category_id' => 7,
      'level_id' => 12,
      'supplier_id' => 4,
      'title' => 'The Abduction',
      'author' => 'Snow ',
      'batch' => '343',
      'price' => 23,
      'sales_price' => 45,
      'quantity_type' => 'stock',
      'number_of_boxes' => 0,
      'quantity' => 45,
      'description' => 'dfdsfdsfsfs',
      'image' => 'cover_images/book/64/Naa call card.png',
      'created_at' => '2016-08-26 15:19:55',
      'updated_at' => '2016-09-10 10:39:25',
      'category' => 
      array (
        'id' => 7,
        'name' => 'Languages',
        'created_at' => '2016-08-25 22:01:53',
        'updated_at' => '2016-08-25 22:01:53',
      ),
      'supplier' => NULL,
      'level' => NULL,
      'cart_quantity' => '1',
      'cart_total' => 45,
    ),
  ),
  'cash_received' => 200,
  'balance' => 60,
)  
